1637445551288	geckodriver	INFO	Listening on 127.0.0.1:62237
1637445554493	mozrunner::runner	INFO	Running command: "C:\\Program Files\\Mozilla Firefox\\firefox.exe" "--marionette" "--remote-debugging-port" "62238" "-no-remote" "-profile" "C:\\Users\\adela\\AppData\\Local\\Temp\\rust_mozprofileYUc7Ha"
1637445556866	Marionette	INFO	Marionette enabled
console.warn: SearchSettings: "get: No settings file exists, new profile?" (new NotFoundError("Could not open the file at C:\\Users\\adela\\AppData\\Local\\Temp\\rust_mozprofileYUc7Ha\\search.json.mozlz4", (void 0)))
DevTools listening on ws://localhost:62238/devtools/browser/be2faf66-b064-454f-b597-a550d22b0ca7
console.error: Region.jsm: "Error fetching region" (new Error("TIMEOUT", "resource://gre/modules/Region.jsm", 772))
console.error: Region.jsm: "Failed to fetch region" (new Error("TIMEOUT", "resource://gre/modules/Region.jsm", 419))
1637445567527	Marionette	INFO	Listening on port 62244
1637445570641	RemoteAgent	WARN	TLS certificate errors will be ignored for this session
1637446034603	Marionette	INFO	Stopped listening on port 62244
console.warn: TopSitesFeed: Failed to fetch data from Contile server: NetworkError when attempting to fetch resource.

###!!! [Child][RunMessage] Error: Channel closing: too late to send/recv, messages will be lost

mozprofile1wnEDr"
1637445640128	Marionette	INFO	Marionette enabled
console.warn: SearchSettings: "get: No settings file exists, new profile?" (new NotFoundError("Could not open the file at C:\\Users\\adela\\AppData\\Local\\Temp\\rust_mozprofile1wnEDr\\search.json.mozlz4", (void 0)))
DevTools listening on ws://localhost:62322/devtools/browser/ee3e7f74-4320-4dde-9920-77bdf6facbd4
1637445649248	Marionette	INFO	Listening on port 62327
1637445649383	RemoteAgent	WARN	TLS certificate errors will be ignored for this session
1637446038851	Marionette	INFO	Stopped listening on port 62327
console.warn: services.settings: blocklists/addons-bloomfilters sync interrupted by shutdown
console.warn: services.settings: blocklists/gfx sync interrupted by shutdown
console.warn: services.settings: main/password-recipes sync interrupted by shutdown
console.warn: services.settings: main/normandy-recipes-capabilities sync interrupted by shutdown
console.warn: services.settings: main/search-config sync interrupted by shutdown
console.warn: services.settings: main/doh-providers sync interrupted by shutdown
console.warn: services.settings: main/sites-classification sync interrupted by shutdown
console.warn: services.settings: main/anti-tracking-url-decoration sync interrupted by shutdown
console.warn: services.settings: main/language-dictionaries sync interrupted by shutdown
console.warn: services.settings: main/public-suffix-list sync interrupted by shutdown
console.warn: services.settings: main/search-default-override-allowlist sync interrupted by shutdown
console.warn: services.settings: main/hijack-blocklists sync interrupted by shutdown
console.warn: services.settings: main/url-classifier-skip-urls sync interrupted by shutdown
console.warn: services.settings: main/pioneer-study-addons-v1 sync interrupted by shutdown
console.warn: services.settings: main/query-stripping sync interrupted by shutdown
console.warn: services.settings: main/fxmonitor-breaches sync interrupted by shutdown
console.warn: services.settings: main/search-telemetry sync interrupted by shutdown
console.warn: services.settings: main/websites-with-shared-credential-backends sync interrupted by shutdown
console.warn: services.settings: main/password-rules sync interrupted by shutdown
console.warn: services.settings: main/top-sites sync interrupted by shutdown
console.warn: services.settings: main/doh-config sync interrupted by shutdown
console.warn: services.settings: security-state/cert-revocations sync interrupted by shutdown
console.warn: services.settings: security-state/intermediates sync interrupted by shutdown
console.warn: services.settings: security-state/onecrl sync interrupted by shutdown
console.warn: TopSitesFeed: Failed to fetch data from Contile server: NetworkError when attempting to fetch resource.
: , line 0: uncaught exception: Object
JavaScript error: https://www.instagram.com/, line 55: TypeError: window.__bufferedErrors is undefined
JavaScript error: https://www.instagram.com/static/bundles/es6/ConsumerLibCommons.js/f1ccaccbcdba.js, line 64: AjaxError: 
1637446034262	Marionette	INFO	Stopped listening on port 62509
[Parent 7984, IPC I/O Parent] WARNING: file /builds/worker/checkouts/gecko/ipc/chromium/src/base/process_util_win.cc:167
[Parent 7984, IPC I/O Parent] WARNING: file /builds/worker/checkouts/gecko/ipc/chromium/src/base/process_util_win.cc:167
console.warn: TopSitesFeed: Failed to fetch data from Contile server: NetworkError when attempting to fetch resource.
1637446278932	geckodriver	INFO	Listening on 127.0.0.1:62698
1637446282198	mozrunner::runner	INFO	Running command: "C:\\Program Files\\Mozilla Firefox\\firefox.exe" "--marionette" "--remote-debugging-port" "62699" "-no-remote" "-profile" "C:\\Users\\adela\\AppData\\Local\\Temp\\rust_mozprofileIhXl7f"
1637446284864	Marionette	INFO	Marionette enabled
console.warn: SearchSettings: "get: No settings file exists, new profile?" (new NotFoundError("Could not open the file at C:\\Users\\adela\\AppData\\Local\\Temp\\rust_mozprofileIhXl7f\\search.json.mozlz4", (void 0)))
DevTools listening on ws://localhost:62699/devtools/browser/51dc4701-de80-46ab-bc93-997fd32f8294
1637446293417	Marionette	INFO	Listening on port 62704
1637446294465	RemoteAgent	WARN	TLS certificate errors will be ignored for this session
1637446326355	Marionette	WARN	Ignoring event 'DOMContentLoaded' because document has an invalid readyState of 'complete'.
SourceActor threw an exception: [Exception... "Component returned failure code: 0x80470002 (NS_BASE_STREAM_CLOSED) [nsIInputStream.available]"  nsresult: "0x80470002 (NS_BASE_STREAM_CLOSED)"  location: "JS frame :: resource://devtools/shared/DevToolsUtils.js :: onResponse :: line 567"  data: no]
Stack: onResponse@resource://devtools/shared/DevToolsUtils.js:567:34
onStopRequest@resource://gre/modules/NetUtil.jsm:128:18
Line: 567, column: 0
console.error: ({})
JavaScript error: resource://devtools/shared/DevToolsUtils.js, line 567: NS_BASE_STREAM_CLOSED: Component returned failure code: 0x80470002 (NS_BASE_STREAM_CLOSED) [nsIInputStream.available]
console.log: WebExtensions: reset-default-search: starting.
console.log: WebExtensions: reset-default-search: No addons in our list are installed.
JavaScript error: , line 0: NS_ERROR_NOT_AVAILABLE
1637447158055	Marionette	INFO	Stopped listening on port 62704
console.warn: TopSitesFeed: Failed to fetch data from Contile server: NetworkError when attempting to fetch resource.
[Parent 9952, IPC I/O Parent] WARNING: file /builds/worker/checkouts/gecko/ipc/chromium/src/base/process_util_win.cc:167
7447062172	Marionette	INFO	Marionette enabled
console.warn: SearchSettings: "get: No settings file exists, new profile?" (new NotFoundError("Could not open the file at C:\\Users\\adela\\AppData\\Local\\Temp\\rust_mozprofilesqNOef\\search.json.mozlz4", (void 0)))
DevTools listening on ws://localhost:63173/devtools/browser/76342e2d-cb5c-48ed-9d4c-d086aa1ad6ab
1637447068178	Marionette	INFO	Listening on port 63181
1637447069424	RemoteAgent	WARN	TLS certificate errors will be ignored for this session
JavaScript error: https://www.instagram.com/, line 55: TypeError: window.__bufferedErrors is undefined
JavaScript error: https://www.instagram.com/, line 55: TypeError: window.__bufferedErrors is undefined
1637447159182	Marionette	INFO	Stopped listening on port 63181
console.warn: TopSitesFeed: Failed to fetch data from Contile server: NetworkError when attempting to fetch resource.
1637447164131	geckodriver	INFO	Listening on 127.0.0.1:63323
1637447167219	mozrunner::runner	INFO	Running command: "C:\\Program Files\\Mozilla Firefox\\firefox.exe" "--marionette" "--remote-debugging-port" "63324" "-no-remote" "-profile" "C:\\Users\\adela\\AppData\\Local\\Temp\\rust_mozprofileDfNqmD"
1637447169476	Marionette	INFO	Marionette enabled
console.warn: SearchSettings: "get: No settings file exists, new profile?" (new NotFoundError("Could not open the file at C:\\Users\\adela\\AppData\\Local\\Temp\\rust_mozprofileDfNqmD\\search.json.mozlz4", (void 0)))
DevTools listening on ws://localhost:63324/devtools/browser/8cea8be0-0037-4e44-b2b2-e1d2f245066e
1637447175492	Marionette	INFO	Listening on port 63331
1637447176708	RemoteAgent	WARN	TLS certificate errors will be ignored for this session
1637447203449	Marionette	WARN	Ignoring event 'DOMContentLoaded' because document has an invalid readyState of 'complete'.
1637447552409	Marionette	INFO	Stopped listening on port 63331
console.warn: TopSitesFeed: Failed to fetch data from Contile server: NetworkError when attempting to fetch resource.
[Parent 10468, IPC I/O Parent] WARNING: file /builds/worker/checkouts/gecko/ipc/chromium/src/base/process_util_win.cc:167
447335528	Marionette	INFO	Marionette enabled
console.warn: SearchSettings: "get: No settings file exists, new profile?" (new NotFoundError("Could not open the file at C:\\Users\\adela\\AppData\\Local\\Temp\\rust_mozprofileLkSlhJ\\search.json.mozlz4", (void 0)))
DevTools listening on ws://localhost:63619/devtools/browser/3b7bf896-d188-459b-a5cb-586af912390b
1637447342384	Marionette	INFO	Listening on port 63626
1637447343531	RemoteAgent	WARN	TLS certificate errors will be ignored for this session
1637447374586	Marionette	WARN	Ignoring event 'DOMContentLoaded' because document has an invalid readyState of 'complete'.
1637447554230	Marionette	INFO	Stopped listening on port 63626
console.warn: TopSitesFeed: Failed to fetch data from Contile server: NetworkError when attempting to fetch resource.

###!!! [Child][MessageChannel] Error: (msgtype=0x590008,name=PHttpChannel::Msg_DeletingChannel) Channel closing: too late to send/recv, messages will be lost


###!!! [Child][MessageChannel] Error: (msgtype=0x590004,name=PHttpChannel::Msg_Cancel) Channel closing: too late to send/recv, messages will be lost


###!!! [Child][MessageChannel] Error: (msgtype=0x590008,name=PHttpChconsole.error: Region.jsm: "Error fetching region" (new Error("TIMEOUT", "resource://gre/modules/Region.jsm", 772))
console.error: Region.jsm: "Failed to fetch region" (new Error("TIMEOUT", "resource://gre/modules/Region.jsm", 419))
DevTools listening on ws://localhost:59447/devtools/browser/bfd8a33e-1896-4f7b-8340-ea633ba5ad44
1637447562260	Marionette	INFO	Listening on port 59454
1637447562469	RemoteAgent	WARN	TLS certificate errors will be ignored for this session
1637447815952	Marionette	INFO	Stopped listening on port 59454
console.warn: TopSitesFeed: Failed to fetch data from Contile server: NetworkError when attempting to fetch resource.
s\\Mozilla Firefox\\firefox.exe" "--marionette" "--remote-debugging-port" "59644" "-no-remote" "-profile" "C:\\Users\\adela\\AppData\\Local\\Temp\\rust_mozprofileNHuVYW"
1637447725908	Marionette	INFO	Marionette enabled
console.warn: SearchSettings: "get: No settings file exists, new profile?" (new NotFoundError("Could not open the file at C:\\Users\\adela\\AppData\\Local\\Temp\\rust_mozprofileNHuVYW\\search.json.mozlz4", (void 0)))
DevTools listening on ws://localhost:59644/devtools/browser/fd99518d-de69-490b-b8b3-639e6a8e91cb
1637447736562	Marionette	INFO	Listening on port 59651
console.error: Region.jsm: "Error fetching region" (new Error("TIMEOUT", "resource://gre/modules/Region.jsm", 772))
console.error: Region.jsm: "Failed to fetch region" (new Error("TIMEOUT", "resource://gre/modules/Region.jsm", 419))
1637447737992	RemoteAgent	WARN	TLS certificate errors will be ignored for this session
1637447774394	Marionette	WARN	Ignoring event 'DOMContentLoaded' because document has an invalid readyState of 'complete'.
JavaScript error: https://www.instagram.com/wizkidayo/, line 52: TypeError: window.__bufferedErrors is undefined
JavaScript error: https://www.instagram.com/wizkidayo/, line 52: TypeError: window.__bufferedErrors is undefined
JavaScript error: https://www.instagram.com/static/bundles/es6/ConsumerLibCommons.js/f1ccaccbcdba.js, line 238: NS_ERROR_NOT_INITIALIZED: 
JavaScript error: https://www.instagram.com/static/bundles/es6/ConsumerLibCommons.js/f1ccaccbcdba.js, line 238: NS_ERROR_NOT_INITIALIZED: 
JavaScript error: https://www.instagram.com/static/bundles/es6/ConsumerLibCommons.js/f1ccaccbcdba.js, line 238: NS_ERROR_NOT_INITIALIZED: 
JavaScript error: https://www.instagram.com/static/bundles/es6/ConsumerLibCommons.js/f1ccaccbcdba.js, line 238: NS_ERROR_NOT_INITIALIZED: 
JavaScript error: https://www.instagram.com/static/bundles/es6/ConsumerLibCommons.js/f1ccaccbcdba.js, line 238: NS_ERROR_NOT_INITIALIZED: 
JavaScript error: https://www.instagram.com/static/bundles/es6/ConsumerLibCommons.js/f1ccaccbcdba.js, line 238: NS_ERROR_NOT_INITIALIZED: 
JavaScript error: https://www.instagram.com/static/bundles/es6/ConsumerLibCommons.js/f1ccaccbcdba.js, line 238: NS_ERROR_NOT_INITIALIZED: 
JavaScript error: https://www.instagram.com/static/bundles/es6/ConsumerLibCommons.js/f1ccaccbcdba.js, line 238: NS_ERROR_NOT_INITIALIZED: 
JavaScript error: https://www.instagram.com/static/bundles/es6/ConsumerLibCommons.js/f1ccaccbcdba.js, line 238: NS_ERROR_NOT_INITIALIZED: 
JavaScript error: https://www.instagram.com/static/bundles/es6/ConsumerLibCommons.js/f1ccaccbcdba.js, line 238: NS_ERROR_NOT_INITIALIZED: 
1637447816531	Marionette	INFO	Stopped listening on port 59651
console.warn: TopSitesFeed: Failed to fetch data from Contile server: NetworkError when attempting to fetch resource.
